<?xml version="1.0" encoding="UTF-8"?>
<testsuite xmlns:xsi="http://www.w3.org/2001/XMLSchema-instance" xsi:noNamespaceSchemaLocation="https://maven.apache.org/surefire/maven-surefire-plugin/xsd/surefire-test-report.xsd" name="ItemControllerTest" time="56.987" tests="3" errors="0" skipped="0" failures="0">
  <properties>
[...]
</properties>
  <testcase name="updateItem" classname="ItemControllerTest" time="6.743"/>
  <testcase name="createItem" classname="ItemControllerTest" time="3.784"/>
  <testcase name="deleteItem" classname="ItemControllerTest" time="6.93"/>
</testsuite>